This file contains any messages produced by compilers while
running configure, to aid debugging if configure makes a mistake.

It was created by configure, which was
generated by GNU Autoconf 2.59.  Invocation command line was

  $ ./configure 

## --------- ##
## Platform. ##
## --------- ##

hostname = lehne
uname -m = x86_64
uname -r = 3.13.0-sabayon
uname -s = Linux
uname -v = #1 SMP Sun Feb 9 03:14:57 UTC 2014

/usr/bin/uname -p = Intel(R) Core(TM)2 Duo CPU P8600 @ 2.40GHz
/bin/uname -X     = unknown

/bin/arch              = unknown
/usr/bin/arch -k       = unknown
/usr/convex/getsysinfo = unknown
hostinfo               = unknown
/bin/machine           = unknown
/usr/bin/oslevel       = unknown
/bin/universe          = unknown

PATH: /usr/local/bin
PATH: /usr/bin
PATH: /bin
PATH: /opt/bin
PATH: /usr/x86_64-pc-linux-gnu/gcc-bin/4.6.4
PATH: /usr/games/bin
PATH: /usr/local/bin
PATH: /usr/local/sbin
PATH: /bin
PATH: /sbin
PATH: /usr/bin
PATH: /usr/sbin
PATH: /usr/local/bin
PATH: /usr/local/sbin
PATH: /bin
PATH: /sbin
PATH: /usr/bin
PATH: /usr/sbin


## ----------- ##
## Core tests. ##
## ----------- ##

configure:1339: checking build system type
configure:1357: result: x86_64-unknown-linux-gnu
configure:1365: checking host system type
configure:1379: result: x86_64-unknown-linux-gnu
configure:1387: checking target system type
configure:1401: result: x86_64-unknown-linux-gnu
configure:1430: checking for a BSD-compatible install
configure:1485: result: /usr/bin/install -c
configure:1496: checking whether build environment is sane
configure:1539: result: yes
configure:1604: checking for gawk
configure:1620: found /usr/bin/gawk
configure:1630: result: gawk
configure:1640: checking whether make sets $(MAKE)
configure:1660: result: yes
configure:1832: checking whether make sets $(MAKE)
configure:1852: result: yes
configure:1873: checking for style of include used by make
configure:1901: result: GNU
configure:1972: checking for gcc
configure:1988: found /usr/bin/gcc
configure:1998: result: gcc
configure:2242: checking for C compiler version
configure:2245: gcc --version </dev/null >&5
gcc (Gentoo Hardened 4.6.4 p1.0, pie-0.5.2) 4.6.4
Copyright (C) 2011 Free Software Foundation, Inc.
This is free software; see the source for copying conditions.  There is NO
warranty; not even for MERCHANTABILITY or FITNESS FOR A PARTICULAR PURPOSE.

configure:2248: $? = 0
configure:2250: gcc -v </dev/null >&5
Using built-in specs.
COLLECT_GCC=/usr/x86_64-pc-linux-gnu/gcc-bin/4.6.4/gcc
COLLECT_LTO_WRAPPER=/usr/libexec/gcc/x86_64-pc-linux-gnu/4.6.4/lto-wrapper
Target: x86_64-pc-linux-gnu
Configured with: /var/tmp/portage/sys-devel/gcc-4.6.4/work/gcc-4.6.4/configure --prefix=/usr --bindir=/usr/x86_64-pc-linux-gnu/gcc-bin/4.6.4 --includedir=/usr/lib/gcc/x86_64-pc-linux-gnu/4.6.4/include --datadir=/usr/share/gcc-data/x86_64-pc-linux-gnu/4.6.4 --mandir=/usr/share/gcc-data/x86_64-pc-linux-gnu/4.6.4/man --infodir=/usr/share/gcc-data/x86_64-pc-linux-gnu/4.6.4/info --with-gxx-include-dir=/usr/lib/gcc/x86_64-pc-linux-gnu/4.6.4/include/g++-v4 --host=x86_64-pc-linux-gnu --build=x86_64-pc-linux-gnu --disable-altivec --disable-fixed-point --with-cloog --with-ppl --with-cloog-include=/usr/include/cloog-ppl --disable-ppl-version-check --disable-lto --enable-nls --without-included-gettext --with-system-zlib --enable-obsolete --disable-werror --enable-secureplt --enable-multilib --enable-libmudflap --disable-libssp --enable-esp --enable-libgomp --with-python-dir=/share/gcc-data/x86_64-pc-linux-gnu/4.6.4/python --enable-checking=release --enable-libstdcxx-time --enable-objc-gc --enable-languages=c,c++,java,objc,obj-c++,fortran --enable-shared --enable-threads=posix --enable-__cxa_atexit --enable-clocale=gnu --enable-targets=all --with-bugurl=http://bugs.gentoo.org/ --with-pkgversion='Gentoo Hardened 4.6.4 p1.0, pie-0.5.2'
Thread model: posix
gcc version 4.6.4 (Gentoo Hardened 4.6.4 p1.0, pie-0.5.2) 
configure:2253: $? = 0
configure:2255: gcc -V </dev/null >&5
gcc: error: unrecognized option '-V'
gcc: fatal error: no input files
compilation terminated.
configure:2258: $? = 1
configure:2281: checking for C compiler default output file name
configure:2284: gcc    conftest.c  >&5
configure:2287: $? = 0
configure:2333: result: a.out
configure:2338: checking whether the C compiler works
configure:2344: ./a.out
configure:2347: $? = 0
configure:2364: result: yes
configure:2371: checking whether we are cross compiling
configure:2373: result: no
configure:2376: checking for suffix of executables
configure:2378: gcc -o conftest    conftest.c  >&5
configure:2381: $? = 0
configure:2406: result: 
configure:2412: checking for suffix of object files
configure:2433: gcc -c   conftest.c >&5
configure:2436: $? = 0
configure:2458: result: o
configure:2462: checking whether we are using the GNU C compiler
configure:2486: gcc -c   conftest.c >&5
configure:2492: $? = 0
configure:2496: test -z 
			 || test ! -s conftest.err
configure:2499: $? = 0
configure:2502: test -s conftest.o
configure:2505: $? = 0
configure:2518: result: yes
configure:2524: checking whether gcc accepts -g
configure:2545: gcc -c -g  conftest.c >&5
configure:2551: $? = 0
configure:2555: test -z 
			 || test ! -s conftest.err
configure:2558: $? = 0
configure:2561: test -s conftest.o
configure:2564: $? = 0
configure:2575: result: yes
configure:2592: checking for gcc option to accept ANSI C
configure:2662: gcc  -c -g -O2  conftest.c >&5
configure:2668: $? = 0
configure:2672: test -z 
			 || test ! -s conftest.err
configure:2675: $? = 0
configure:2678: test -s conftest.o
configure:2681: $? = 0
configure:2699: result: none needed
configure:2717: gcc -c -g -O2  conftest.c >&5
conftest.c:2:3: error: unknown type name 'choke'
conftest.c:2:3: error: expected '=', ',', ';', 'asm' or '__attribute__' at end of input
configure:2723: $? = 1
configure: failed program was:
| #ifndef __cplusplus
|   choke me
| #endif
configure:2858: checking dependency style of gcc
configure:2948: result: gcc3
configure:2966: checking for library containing strerror
configure:2996: gcc -o conftest -g -O2   conftest.c  >&5
configure:3002: $? = 0
configure:3006: test -z 
			 || test ! -s conftest.err
configure:3009: $? = 0
configure:3012: test -s conftest
configure:3015: $? = 0
configure:3085: result: none required
configure:3138: checking for gcc
configure:3164: result: gcc
configure:3408: checking for C compiler version
configure:3411: gcc --version </dev/null >&5
gcc (Gentoo Hardened 4.6.4 p1.0, pie-0.5.2) 4.6.4
Copyright (C) 2011 Free Software Foundation, Inc.
This is free software; see the source for copying conditions.  There is NO
warranty; not even for MERCHANTABILITY or FITNESS FOR A PARTICULAR PURPOSE.

configure:3414: $? = 0
configure:3416: gcc -v </dev/null >&5
Using built-in specs.
COLLECT_GCC=/usr/x86_64-pc-linux-gnu/gcc-bin/4.6.4/gcc
COLLECT_LTO_WRAPPER=/usr/libexec/gcc/x86_64-pc-linux-gnu/4.6.4/lto-wrapper
Target: x86_64-pc-linux-gnu
Configured with: /var/tmp/portage/sys-devel/gcc-4.6.4/work/gcc-4.6.4/configure --prefix=/usr --bindir=/usr/x86_64-pc-linux-gnu/gcc-bin/4.6.4 --includedir=/usr/lib/gcc/x86_64-pc-linux-gnu/4.6.4/include --datadir=/usr/share/gcc-data/x86_64-pc-linux-gnu/4.6.4 --mandir=/usr/share/gcc-data/x86_64-pc-linux-gnu/4.6.4/man --infodir=/usr/share/gcc-data/x86_64-pc-linux-gnu/4.6.4/info --with-gxx-include-dir=/usr/lib/gcc/x86_64-pc-linux-gnu/4.6.4/include/g++-v4 --host=x86_64-pc-linux-gnu --build=x86_64-pc-linux-gnu --disable-altivec --disable-fixed-point --with-cloog --with-ppl --with-cloog-include=/usr/include/cloog-ppl --disable-ppl-version-check --disable-lto --enable-nls --without-included-gettext --with-system-zlib --enable-obsolete --disable-werror --enable-secureplt --enable-multilib --enable-libmudflap --disable-libssp --enable-esp --enable-libgomp --with-python-dir=/share/gcc-data/x86_64-pc-linux-gnu/4.6.4/python --enable-checking=release --enable-libstdcxx-time --enable-objc-gc --enable-languages=c,c++,java,objc,obj-c++,fortran --enable-shared --enable-threads=posix --enable-__cxa_atexit --enable-clocale=gnu --enable-targets=all --with-bugurl=http://bugs.gentoo.org/ --with-pkgversion='Gentoo Hardened 4.6.4 p1.0, pie-0.5.2'
Thread model: posix
gcc version 4.6.4 (Gentoo Hardened 4.6.4 p1.0, pie-0.5.2) 
configure:3419: $? = 0
configure:3421: gcc -V </dev/null >&5
gcc: error: unrecognized option '-V'
gcc: fatal error: no input files
compilation terminated.
configure:3424: $? = 1
configure:3427: checking whether we are using the GNU C compiler
configure:3483: result: yes
configure:3489: checking whether gcc accepts -g
configure:3540: result: yes
configure:3557: checking for gcc option to accept ANSI C
configure:3664: result: none needed
configure:3682: gcc -c -g -O2  conftest.c >&5
conftest.c:2:3: error: unknown type name 'choke'
conftest.c:2:3: error: expected '=', ',', ';', 'asm' or '__attribute__' at end of input
configure:3688: $? = 1
configure: failed program was:
| #ifndef __cplusplus
|   choke me
| #endif
configure:3823: checking dependency style of gcc
configure:3913: result: gcc3
configure:3976: checking for gcc
configure:4002: result: gcc
configure:4246: checking for C compiler version
configure:4249: gcc --version </dev/null >&5
gcc (Gentoo Hardened 4.6.4 p1.0, pie-0.5.2) 4.6.4
Copyright (C) 2011 Free Software Foundation, Inc.
This is free software; see the source for copying conditions.  There is NO
warranty; not even for MERCHANTABILITY or FITNESS FOR A PARTICULAR PURPOSE.

configure:4252: $? = 0
configure:4254: gcc -v </dev/null >&5
Using built-in specs.
COLLECT_GCC=/usr/x86_64-pc-linux-gnu/gcc-bin/4.6.4/gcc
COLLECT_LTO_WRAPPER=/usr/libexec/gcc/x86_64-pc-linux-gnu/4.6.4/lto-wrapper
Target: x86_64-pc-linux-gnu
Configured with: /var/tmp/portage/sys-devel/gcc-4.6.4/work/gcc-4.6.4/configure --prefix=/usr --bindir=/usr/x86_64-pc-linux-gnu/gcc-bin/4.6.4 --includedir=/usr/lib/gcc/x86_64-pc-linux-gnu/4.6.4/include --datadir=/usr/share/gcc-data/x86_64-pc-linux-gnu/4.6.4 --mandir=/usr/share/gcc-data/x86_64-pc-linux-gnu/4.6.4/man --infodir=/usr/share/gcc-data/x86_64-pc-linux-gnu/4.6.4/info --with-gxx-include-dir=/usr/lib/gcc/x86_64-pc-linux-gnu/4.6.4/include/g++-v4 --host=x86_64-pc-linux-gnu --build=x86_64-pc-linux-gnu --disable-altivec --disable-fixed-point --with-cloog --with-ppl --with-cloog-include=/usr/include/cloog-ppl --disable-ppl-version-check --disable-lto --enable-nls --without-included-gettext --with-system-zlib --enable-obsolete --disable-werror --enable-secureplt --enable-multilib --enable-libmudflap --disable-libssp --enable-esp --enable-libgomp --with-python-dir=/share/gcc-data/x86_64-pc-linux-gnu/4.6.4/python --enable-checking=release --enable-libstdcxx-time --enable-objc-gc --enable-languages=c,c++,java,objc,obj-c++,fortran --enable-shared --enable-threads=posix --enable-__cxa_atexit --enable-clocale=gnu --enable-targets=all --with-bugurl=http://bugs.gentoo.org/ --with-pkgversion='Gentoo Hardened 4.6.4 p1.0, pie-0.5.2'
Thread model: posix
gcc version 4.6.4 (Gentoo Hardened 4.6.4 p1.0, pie-0.5.2) 
configure:4257: $? = 0
configure:4259: gcc -V </dev/null >&5
gcc: error: unrecognized option '-V'
gcc: fatal error: no input files
compilation terminated.
configure:4262: $? = 1
configure:4265: checking whether we are using the GNU C compiler
configure:4321: result: yes
configure:4327: checking whether gcc accepts -g
configure:4378: result: yes
configure:4395: checking for gcc option to accept ANSI C
configure:4502: result: none needed
configure:4520: gcc -c -g -O2  conftest.c >&5
conftest.c:2:3: error: unknown type name 'choke'
conftest.c:2:3: error: expected '=', ',', ';', 'asm' or '__attribute__' at end of input
configure:4526: $? = 1
configure: failed program was:
| #ifndef __cplusplus
|   choke me
| #endif
configure:4661: checking dependency style of gcc
configure:4751: result: gcc3
configure:4771: checking for an ANSI C-conforming const
configure:4838: gcc -c -g -O2  conftest.c >&5
configure:4844: $? = 0
configure:4848: test -z 
			 || test ! -s conftest.err
configure:4851: $? = 0
configure:4854: test -s conftest.o
configure:4857: $? = 0
configure:4868: result: yes
configure:4878: checking for inline
configure:4899: gcc -c -g -O2  conftest.c >&5
configure:4905: $? = 0
configure:4909: test -z 
			 || test ! -s conftest.err
configure:4912: $? = 0
configure:4915: test -s conftest.o
configure:4918: $? = 0
configure:4930: result: inline
configure:4949: checking whether byte ordering is bigendian
configure:4976: gcc -c -g -O2  conftest.c >&5
configure:4982: $? = 0
configure:4986: test -z 
			 || test ! -s conftest.err
configure:4989: $? = 0
configure:4992: test -s conftest.o
configure:4995: $? = 0
configure:5019: gcc -c -g -O2  conftest.c >&5
conftest.c: In function 'main':
conftest.c:18:2: error: unknown type name 'not'
conftest.c:18:10: error: expected '=', ',', ';', 'asm' or '__attribute__' before 'endian'
configure:5025: $? = 1
configure: failed program was:
| /* confdefs.h.  */
| 
| #define PACKAGE_NAME ""
| #define PACKAGE_TARNAME ""
| #define PACKAGE_VERSION ""
| #define PACKAGE_STRING ""
| #define PACKAGE_BUGREPORT ""
| #define PACKAGE "ejtag"
| #define VERSION "0.2"
| /* end confdefs.h.  */
| #include <sys/types.h>
| #include <sys/param.h>
| 
| int
| main ()
| {
| #if BYTE_ORDER != BIG_ENDIAN
|  not big endian
| #endif
| 
|   ;
|   return 0;
| }
configure:5160: result: no
configure:5184: checking how to run the C preprocessor
configure:5219: gcc -E  conftest.c
configure:5225: $? = 0
configure:5257: gcc -E  conftest.c
conftest.c:11:28: fatal error: ac_nonexistent.h: No such file or directory
compilation terminated.
configure:5263: $? = 1
configure: failed program was:
| /* confdefs.h.  */
| 
| #define PACKAGE_NAME ""
| #define PACKAGE_TARNAME ""
| #define PACKAGE_VERSION ""
| #define PACKAGE_STRING ""
| #define PACKAGE_BUGREPORT ""
| #define PACKAGE "ejtag"
| #define VERSION "0.2"
| /* end confdefs.h.  */
| #include <ac_nonexistent.h>
configure:5302: result: gcc -E
configure:5326: gcc -E  conftest.c
configure:5332: $? = 0
configure:5364: gcc -E  conftest.c
conftest.c:11:28: fatal error: ac_nonexistent.h: No such file or directory
compilation terminated.
configure:5370: $? = 1
configure: failed program was:
| /* confdefs.h.  */
| 
| #define PACKAGE_NAME ""
| #define PACKAGE_TARNAME ""
| #define PACKAGE_VERSION ""
| #define PACKAGE_STRING ""
| #define PACKAGE_BUGREPORT ""
| #define PACKAGE "ejtag"
| #define VERSION "0.2"
| /* end confdefs.h.  */
| #include <ac_nonexistent.h>
configure:5414: checking for egrep
configure:5424: result: grep -E
configure:5429: checking for ANSI C header files
configure:5454: gcc -c -g -O2  conftest.c >&5
configure:5460: $? = 0
configure:5464: test -z 
			 || test ! -s conftest.err
configure:5467: $? = 0
configure:5470: test -s conftest.o
configure:5473: $? = 0
configure:5562: gcc -o conftest -g -O2   conftest.c  >&5
conftest.c: In function 'main':
conftest.c:28:7: warning: incompatible implicit declaration of built-in function 'exit' [enabled by default]
configure:5565: $? = 0
configure:5567: ./conftest
configure:5570: $? = 0
configure:5585: result: yes
configure:5597: checking for working alloca.h
configure:5618: gcc -o conftest -g -O2   conftest.c  >&5
configure:5624: $? = 0
configure:5628: test -z 
			 || test ! -s conftest.err
configure:5631: $? = 0
configure:5634: test -s conftest
configure:5637: $? = 0
configure:5649: result: yes
configure:5659: checking for alloca
configure:5700: gcc -o conftest -g -O2   conftest.c  >&5
configure:5706: $? = 0
configure:5710: test -z 
			 || test ! -s conftest.err
configure:5713: $? = 0
configure:5716: test -s conftest
configure:5719: $? = 0
configure:5731: result: yes
configure:5958: checking for bison135
configure:5987: result: no
configure:5958: checking for bison
configure:5974: found /usr/bin/bison
configure:5984: result: bison -y
configure:5999: checking for flex
configure:6015: found /usr/bin/flex
configure:6025: result: flex
configure:6038: checking for yywrap in -lfl
configure:6068: gcc -o conftest -g -O2   conftest.c -lfl   >&5
configure:6074: $? = 0
configure:6078: test -z 
			 || test ! -s conftest.err
configure:6081: $? = 0
configure:6084: test -s conftest
configure:6087: $? = 0
configure:6100: result: yes
configure:6178: checking lex output file root
configure:6189: flex conftest.l
configure:6192: $? = 0
configure:6204: result: lex.yy
configure:6209: checking whether yytext is a pointer
configure:6225: gcc -o conftest -g -O2   conftest.c  -lfl >&5
configure:6231: $? = 0
configure:6235: test -z 
			 || test ! -s conftest.err
configure:6238: $? = 0
configure:6241: test -s conftest
configure:6244: $? = 0
configure:6258: result: yes
configure:6275: checking for ranlib
configure:6291: found /usr/bin/ranlib
configure:6302: result: ranlib
configure:6311: checking for dlltool
configure:6338: result: dlltool
configure:6347: checking for as
configure:6363: found /usr/bin/as
configure:6374: result: as
configure:6383: checking for ar
configure:6399: found /usr/bin/ar
configure:6410: result: ar
configure:6419: checking for ld
configure:6435: found /usr/bin/ld
configure:6446: result: ld
configure:6455: checking for windres
configure:6482: result: i686-pc-cygwin-windres
configure:6525: checking for getopt_long
configure:6582: gcc -o conftest -g -O2   conftest.c  >&5
configure:6588: $? = 0
configure:6592: test -z 
			 || test ! -s conftest.err
configure:6595: $? = 0
configure:6598: test -s conftest
configure:6601: $? = 0
configure:6613: result: yes
configure:6643: checking for memmem
configure:6700: gcc -o conftest -g -O2   conftest.c  >&5
configure:6706: $? = 0
configure:6710: test -z 
			 || test ! -s conftest.err
configure:6713: $? = 0
configure:6716: test -s conftest
configure:6719: $? = 0
configure:6731: result: yes
configure:6764: checking for sys/types.h
configure:6780: gcc -c -g -O2  conftest.c >&5
configure:6786: $? = 0
configure:6790: test -z 
			 || test ! -s conftest.err
configure:6793: $? = 0
configure:6796: test -s conftest.o
configure:6799: $? = 0
configure:6810: result: yes
configure:6764: checking for sys/stat.h
configure:6780: gcc -c -g -O2  conftest.c >&5
configure:6786: $? = 0
configure:6790: test -z 
			 || test ! -s conftest.err
configure:6793: $? = 0
configure:6796: test -s conftest.o
configure:6799: $? = 0
configure:6810: result: yes
configure:6764: checking for stdlib.h
configure:6780: gcc -c -g -O2  conftest.c >&5
configure:6786: $? = 0
configure:6790: test -z 
			 || test ! -s conftest.err
configure:6793: $? = 0
configure:6796: test -s conftest.o
configure:6799: $? = 0
configure:6810: result: yes
configure:6764: checking for string.h
configure:6780: gcc -c -g -O2  conftest.c >&5
configure:6786: $? = 0
configure:6790: test -z 
			 || test ! -s conftest.err
configure:6793: $? = 0
configure:6796: test -s conftest.o
configure:6799: $? = 0
configure:6810: result: yes
configure:6764: checking for memory.h
configure:6780: gcc -c -g -O2  conftest.c >&5
configure:6786: $? = 0
configure:6790: test -z 
			 || test ! -s conftest.err
configure:6793: $? = 0
configure:6796: test -s conftest.o
configure:6799: $? = 0
configure:6810: result: yes
configure:6764: checking for strings.h
configure:6780: gcc -c -g -O2  conftest.c >&5
configure:6786: $? = 0
configure:6790: test -z 
			 || test ! -s conftest.err
configure:6793: $? = 0
configure:6796: test -s conftest.o
configure:6799: $? = 0
configure:6810: result: yes
configure:6764: checking for inttypes.h
configure:6780: gcc -c -g -O2  conftest.c >&5
configure:6786: $? = 0
configure:6790: test -z 
			 || test ! -s conftest.err
configure:6793: $? = 0
configure:6796: test -s conftest.o
configure:6799: $? = 0
configure:6810: result: yes
configure:6764: checking for stdint.h
configure:6780: gcc -c -g -O2  conftest.c >&5
configure:6786: $? = 0
configure:6790: test -z 
			 || test ! -s conftest.err
configure:6793: $? = 0
configure:6796: test -s conftest.o
configure:6799: $? = 0
configure:6810: result: yes
configure:6764: checking for unistd.h
configure:6780: gcc -c -g -O2  conftest.c >&5
configure:6786: $? = 0
configure:6790: test -z 
			 || test ! -s conftest.err
configure:6793: $? = 0
configure:6796: test -s conftest.o
configure:6799: $? = 0
configure:6810: result: yes
configure:6839: checking sys/io.h usability
configure:6851: gcc -c -g -O2  conftest.c >&5
configure:6857: $? = 0
configure:6861: test -z 
			 || test ! -s conftest.err
configure:6864: $? = 0
configure:6867: test -s conftest.o
configure:6870: $? = 0
configure:6880: result: yes
configure:6884: checking sys/io.h presence
configure:6894: gcc -E  conftest.c
configure:6900: $? = 0
configure:6920: result: yes
configure:6955: checking for sys/io.h
configure:6962: result: yes
configure:6839: checking asm/io.h usability
configure:6851: gcc -c -g -O2  conftest.c >&5
conftest.c:61:20: fatal error: asm/io.h: No such file or directory
compilation terminated.
configure:6857: $? = 1
configure: failed program was:
| /* confdefs.h.  */
| 
| #define PACKAGE_NAME ""
| #define PACKAGE_TARNAME ""
| #define PACKAGE_VERSION ""
| #define PACKAGE_STRING ""
| #define PACKAGE_BUGREPORT ""
| #define PACKAGE "ejtag"
| #define VERSION "0.2"
| #define STDC_HEADERS 1
| #define HAVE_ALLOCA_H 1
| #define HAVE_ALLOCA 1
| #define YYTEXT_POINTER 1
| #define HAVE_GETOPT_LONG 1
| #define HAVE_MEMMEM 1
| #define HAVE_SYS_TYPES_H 1
| #define HAVE_SYS_STAT_H 1
| #define HAVE_STDLIB_H 1
| #define HAVE_STRING_H 1
| #define HAVE_MEMORY_H 1
| #define HAVE_STRINGS_H 1
| #define HAVE_INTTYPES_H 1
| #define HAVE_STDINT_H 1
| #define HAVE_UNISTD_H 1
| #define HAVE_SYS_IO_H 1
| /* end confdefs.h.  */
| #include <stdio.h>
| #if HAVE_SYS_TYPES_H
| # include <sys/types.h>
| #endif
| #if HAVE_SYS_STAT_H
| # include <sys/stat.h>
| #endif
| #if STDC_HEADERS
| # include <stdlib.h>
| # include <stddef.h>
| #else
| # if HAVE_STDLIB_H
| #  include <stdlib.h>
| # endif
| #endif
| #if HAVE_STRING_H
| # if !STDC_HEADERS && HAVE_MEMORY_H
| #  include <memory.h>
| # endif
| # include <string.h>
| #endif
| #if HAVE_STRINGS_H
| # include <strings.h>
| #endif
| #if HAVE_INTTYPES_H
| # include <inttypes.h>
| #else
| # if HAVE_STDINT_H
| #  include <stdint.h>
| # endif
| #endif
| #if HAVE_UNISTD_H
| # include <unistd.h>
| #endif
| #include <asm/io.h>
configure:6880: result: no
configure:6884: checking asm/io.h presence
configure:6894: gcc -E  conftest.c
conftest.c:27:20: fatal error: asm/io.h: No such file or directory
compilation terminated.
configure:6900: $? = 1
configure: failed program was:
| /* confdefs.h.  */
| 
| #define PACKAGE_NAME ""
| #define PACKAGE_TARNAME ""
| #define PACKAGE_VERSION ""
| #define PACKAGE_STRING ""
| #define PACKAGE_BUGREPORT ""
| #define PACKAGE "ejtag"
| #define VERSION "0.2"
| #define STDC_HEADERS 1
| #define HAVE_ALLOCA_H 1
| #define HAVE_ALLOCA 1
| #define YYTEXT_POINTER 1
| #define HAVE_GETOPT_LONG 1
| #define HAVE_MEMMEM 1
| #define HAVE_SYS_TYPES_H 1
| #define HAVE_SYS_STAT_H 1
| #define HAVE_STDLIB_H 1
| #define HAVE_STRING_H 1
| #define HAVE_MEMORY_H 1
| #define HAVE_STRINGS_H 1
| #define HAVE_INTTYPES_H 1
| #define HAVE_STDINT_H 1
| #define HAVE_UNISTD_H 1
| #define HAVE_SYS_IO_H 1
| /* end confdefs.h.  */
| #include <asm/io.h>
configure:6920: result: no
configure:6955: checking for asm/io.h
configure:6962: result: no
configure:6839: checking getopt.h usability
configure:6851: gcc -c -g -O2  conftest.c >&5
configure:6857: $? = 0
configure:6861: test -z 
			 || test ! -s conftest.err
configure:6864: $? = 0
configure:6867: test -s conftest.o
configure:6870: $? = 0
configure:6880: result: yes
configure:6884: checking getopt.h presence
configure:6894: gcc -E  conftest.c
configure:6900: $? = 0
configure:6920: result: yes
configure:6955: checking for getopt.h
configure:6962: result: yes
configure:6839: checking syslog.h usability
configure:6851: gcc -c -g -O2  conftest.c >&5
configure:6857: $? = 0
configure:6861: test -z 
			 || test ! -s conftest.err
configure:6864: $? = 0
configure:6867: test -s conftest.o
configure:6870: $? = 0
configure:6880: result: yes
configure:6884: checking syslog.h presence
configure:6894: gcc -E  conftest.c
configure:6900: $? = 0
configure:6920: result: yes
configure:6955: checking for syslog.h
configure:6962: result: yes
configure:6987: checking for snprintf
configure:7044: gcc -o conftest -g -O2   conftest.c  >&5
conftest.c:53:6: warning: conflicting types for built-in function 'snprintf' [enabled by default]
configure:7050: $? = 0
configure:7054: test -z 
			 || test ! -s conftest.err
configure:7057: $? = 0
configure:7060: test -s conftest
configure:7063: $? = 0
configure:7075: result: yes
configure:6987: checking for vsnprintf
configure:7044: gcc -o conftest -g -O2   conftest.c  >&5
conftest.c:54:6: warning: conflicting types for built-in function 'vsnprintf' [enabled by default]
configure:7050: $? = 0
configure:7054: test -z 
			 || test ! -s conftest.err
configure:7057: $? = 0
configure:7060: test -s conftest
configure:7063: $? = 0
configure:7075: result: yes
configure:6987: checking for syslog
configure:7044: gcc -o conftest -g -O2   conftest.c  >&5
configure:7050: $? = 0
configure:7054: test -z 
			 || test ! -s conftest.err
configure:7057: $? = 0
configure:7060: test -s conftest
configure:7063: $? = 0
configure:7075: result: yes
configure:6987: checking for vsyslog
configure:7044: gcc -o conftest -g -O2   conftest.c  >&5
configure:7050: $? = 0
configure:7054: test -z 
			 || test ! -s conftest.err
configure:7057: $? = 0
configure:7060: test -s conftest
configure:7063: $? = 0
configure:7075: result: yes
configure:6987: checking for openlog
configure:7044: gcc -o conftest -g -O2   conftest.c  >&5
configure:7050: $? = 0
configure:7054: test -z 
			 || test ! -s conftest.err
configure:7057: $? = 0
configure:7060: test -s conftest
configure:7063: $? = 0
configure:7075: result: yes
configure:6987: checking for closelog
configure:7044: gcc -o conftest -g -O2   conftest.c  >&5
configure:7050: $? = 0
configure:7054: test -z 
			 || test ! -s conftest.err
configure:7057: $? = 0
configure:7060: test -s conftest
configure:7063: $? = 0
configure:7075: result: yes
configure:6987: checking for gettimeofday
configure:7044: gcc -o conftest -g -O2   conftest.c  >&5
configure:7050: $? = 0
configure:7054: test -z 
			 || test ! -s conftest.err
configure:7057: $? = 0
configure:7060: test -s conftest
configure:7063: $? = 0
configure:7075: result: yes
configure:6987: checking for iopl
configure:7044: gcc -o conftest -g -O2   conftest.c  >&5
configure:7050: $? = 0
configure:7054: test -z 
			 || test ! -s conftest.err
configure:7057: $? = 0
configure:7060: test -s conftest
configure:7063: $? = 0
configure:7075: result: yes
configure:6987: checking for revoke
configure:7044: gcc -o conftest -g -O2   conftest.c  >&5
conftest.c:66:1: error: unknown type name 'choke'
conftest.c:74:1: error: expected '=', ',', ';', 'asm' or '__attribute__' before 'int'
configure:7050: $? = 1
configure: failed program was:
| /* confdefs.h.  */
| 
| #define PACKAGE_NAME ""
| #define PACKAGE_TARNAME ""
| #define PACKAGE_VERSION ""
| #define PACKAGE_STRING ""
| #define PACKAGE_BUGREPORT ""
| #define PACKAGE "ejtag"
| #define VERSION "0.2"
| #define STDC_HEADERS 1
| #define HAVE_ALLOCA_H 1
| #define HAVE_ALLOCA 1
| #define YYTEXT_POINTER 1
| #define HAVE_GETOPT_LONG 1
| #define HAVE_MEMMEM 1
| #define HAVE_SYS_TYPES_H 1
| #define HAVE_SYS_STAT_H 1
| #define HAVE_STDLIB_H 1
| #define HAVE_STRING_H 1
| #define HAVE_MEMORY_H 1
| #define HAVE_STRINGS_H 1
| #define HAVE_INTTYPES_H 1
| #define HAVE_STDINT_H 1
| #define HAVE_UNISTD_H 1
| #define HAVE_SYS_IO_H 1
| #define HAVE_GETOPT_H 1
| #define HAVE_SYSLOG_H 1
| #define HAVE_SNPRINTF 1
| #define HAVE_VSNPRINTF 1
| #define HAVE_SYSLOG 1
| #define HAVE_VSYSLOG 1
| #define HAVE_OPENLOG 1
| #define HAVE_CLOSELOG 1
| #define HAVE_GETTIMEOFDAY 1
| #define HAVE_IOPL 1
| /* end confdefs.h.  */
| /* Define revoke to an innocuous variant, in case <limits.h> declares revoke.
|    For example, HP-UX 11i <limits.h> declares gettimeofday.  */
| #define revoke innocuous_revoke
| 
| /* System header to define __stub macros and hopefully few prototypes,
|     which can conflict with char revoke (); below.
|     Prefer <limits.h> to <assert.h> if __STDC__ is defined, since
|     <limits.h> exists even on freestanding compilers.  */
| 
| #ifdef __STDC__
| # include <limits.h>
| #else
| # include <assert.h>
| #endif
| 
| #undef revoke
| 
| /* Override any gcc2 internal prototype to avoid an error.  */
| #ifdef __cplusplus
| extern "C"
| {
| #endif
| /* We use char because int might match the return type of a gcc2
|    builtin and then its argument prototype would still apply.  */
| char revoke ();
| /* The GNU C library defines this for functions which it implements
|     to always fail with ENOSYS.  Some functions are actually named
|     something starting with __ and the normal name is an alias.  */
| #if defined (__stub_revoke) || defined (__stub___revoke)
| choke me
| #else
| char (*f) () = revoke;
| #endif
| #ifdef __cplusplus
| }
| #endif
| 
| int
| main ()
| {
| return f != revoke;
|   ;
|   return 0;
| }
configure:7075: result: no
configure:7086: checking for GetSystemTime
configure:7105: gcc -c -g -O2  conftest.c >&5
conftest.c:37:21: fatal error: windows.h: No such file or directory
compilation terminated.
configure:7111: $? = 1
configure: failed program was:
| /* confdefs.h.  */
| 
| #define PACKAGE_NAME ""
| #define PACKAGE_TARNAME ""
| #define PACKAGE_VERSION ""
| #define PACKAGE_STRING ""
| #define PACKAGE_BUGREPORT ""
| #define PACKAGE "ejtag"
| #define VERSION "0.2"
| #define STDC_HEADERS 1
| #define HAVE_ALLOCA_H 1
| #define HAVE_ALLOCA 1
| #define YYTEXT_POINTER 1
| #define HAVE_GETOPT_LONG 1
| #define HAVE_MEMMEM 1
| #define HAVE_SYS_TYPES_H 1
| #define HAVE_SYS_STAT_H 1
| #define HAVE_STDLIB_H 1
| #define HAVE_STRING_H 1
| #define HAVE_MEMORY_H 1
| #define HAVE_STRINGS_H 1
| #define HAVE_INTTYPES_H 1
| #define HAVE_STDINT_H 1
| #define HAVE_UNISTD_H 1
| #define HAVE_SYS_IO_H 1
| #define HAVE_GETOPT_H 1
| #define HAVE_SYSLOG_H 1
| #define HAVE_SNPRINTF 1
| #define HAVE_VSNPRINTF 1
| #define HAVE_SYSLOG 1
| #define HAVE_VSYSLOG 1
| #define HAVE_OPENLOG 1
| #define HAVE_CLOSELOG 1
| #define HAVE_GETTIMEOFDAY 1
| #define HAVE_IOPL 1
| /* end confdefs.h.  */
| #include <windows.h>
| int
| main ()
| {
|  SYSTEMTIME tm; GetSystemTime(&tm);
|   ;
|   return 0;
| }
configure:7137: result: no
configure:7140: checking for signed bittypes
configure:7159: gcc -c -g -O2  conftest.c >&5
configure:7165: $? = 0
configure:7169: test -z 
			 || test ! -s conftest.err
configure:7172: $? = 0
configure:7175: test -s conftest.o
configure:7178: $? = 0
configure:7191: result: yes
configure:7194: checking for unsigned bittypes
configure:7213: gcc -c -g -O2  conftest.c >&5
configure:7219: $? = 0
configure:7223: test -z 
			 || test ! -s conftest.err
configure:7226: $? = 0
configure:7229: test -s conftest.o
configure:7232: $? = 0
configure:7245: result: yes
configure:7248: checking return type of signal handlers
configure:7279: gcc -c -g -O2  conftest.c >&5
configure:7285: $? = 0
configure:7289: test -z 
			 || test ! -s conftest.err
configure:7292: $? = 0
configure:7295: test -s conftest.o
configure:7298: $? = 0
configure:7309: result: void
configure:7318: checking for M_PI
configure:7337: gcc -c -g -O2  conftest.c >&5
configure:7343: $? = 0
configure:7347: test -z 
			 || test ! -s conftest.err
configure:7350: $? = 0
configure:7353: test -s conftest.o
configure:7356: $? = 0
configure:7370: result: yes
configure:7373: checking for M_LOG10E
configure:7392: gcc -c -g -O2  conftest.c >&5
configure:7398: $? = 0
configure:7402: test -z 
			 || test ! -s conftest.err
configure:7405: $? = 0
configure:7408: test -s conftest.o
configure:7411: $? = 0
configure:7425: result: yes
configure:7428: checking for IO functions such as inb
configure:7447: gcc -c -g -O2  conftest.c >&5
configure:7453: $? = 0
configure:7457: test -z 
			 || test ! -s conftest.err
configure:7460: $? = 0
configure:7463: test -s conftest.o
configure:7466: $? = 0
configure:7526: result: yes
configure:7612: checking for vsnprintf
configure:7700: result: yes
configure:7723: checking for random
configure:7780: gcc -o conftest -g -O2 -Wall -O2   conftest.c  >&5
configure:7786: $? = 0
configure:7790: test -z 
			 || test ! -s conftest.err
configure:7793: $? = 0
configure:7796: test -s conftest
configure:7799: $? = 0
configure:7811: result: yes
configure:7862: checking for mips-linux-ranlib
configure:7891: result: no
configure:7862: checking for mips-linux-uclibc-ranlib
configure:7891: result: no
configure:7903: checking for mips-linux-as
configure:7932: result: no
configure:7903: checking for mips-linux-uclibc-as
configure:7932: result: no
configure:7943: checking for mips-linux-ar
configure:7972: result: no
configure:7943: checking for mips-linux-uclibc-ar
configure:7972: result: no
configure:7983: checking for mips-linux-ld
configure:8012: result: no
configure:7983: checking for mips-linux-uclibc-ld
configure:8012: result: no
configure:8023: checking for mips-linux-gcc
configure:8052: result: no
configure:8023: checking for mips-linux-uclibc-gcc
configure:8052: result: no
configure:8421: creating ./config.status

## ---------------------- ##
## Running config.status. ##
## ---------------------- ##

This file was extended by config.status, which was
generated by GNU Autoconf 2.59.  Invocation command line was

  CONFIG_FILES    = 
  CONFIG_HEADERS  = 
  CONFIG_LINKS    = 
  CONFIG_COMMANDS = 
  $ ./config.status 

on lehne

config.status:753: creating Makefile
config.status:753: creating libmisc/Makefile
config.status:753: creating ntdrv/Makefile
config.status:753: creating w9xdrv/Makefile
config.status:753: creating parport/Makefile
config.status:753: creating target/Makefile
config.status:753: creating doc/Makefile
config.status:753: creating ejtag.spec
config.status:857: creating config.h
config.status:1221: executing depfiles commands

## ---------------- ##
## Cache variables. ##
## ---------------- ##

ac_cv_build=x86_64-unknown-linux-gnu
ac_cv_build_alias=x86_64-unknown-linux-gnu
ac_cv_c_bigendian=no
ac_cv_c_compiler_gnu=yes
ac_cv_c_const=yes
ac_cv_c_inline=inline
ac_cv_env_CC_set=
ac_cv_env_CC_value=
ac_cv_env_CFLAGS_set=
ac_cv_env_CFLAGS_value=
ac_cv_env_CPPFLAGS_set=
ac_cv_env_CPPFLAGS_value=
ac_cv_env_CPP_set=
ac_cv_env_CPP_value=
ac_cv_env_LDFLAGS_set=
ac_cv_env_LDFLAGS_value=
ac_cv_env_build_alias_set=
ac_cv_env_build_alias_value=
ac_cv_env_host_alias_set=
ac_cv_env_host_alias_value=
ac_cv_env_target_alias_set=
ac_cv_env_target_alias_value=
ac_cv_exeext=
ac_cv_func_alloca_works=yes
ac_cv_func_closelog=yes
ac_cv_func_getopt_long=yes
ac_cv_func_gettimeofday=yes
ac_cv_func_iopl=yes
ac_cv_func_memmem=yes
ac_cv_func_openlog=yes
ac_cv_func_random=yes
ac_cv_func_revoke=no
ac_cv_func_snprintf=yes
ac_cv_func_syslog=yes
ac_cv_func_vsnprintf=yes
ac_cv_func_vsyslog=yes
ac_cv_header_asm_io_h=no
ac_cv_header_getopt_h=yes
ac_cv_header_inttypes_h=yes
ac_cv_header_memory_h=yes
ac_cv_header_stdc=yes
ac_cv_header_stdint_h=yes
ac_cv_header_stdlib_h=yes
ac_cv_header_string_h=yes
ac_cv_header_strings_h=yes
ac_cv_header_sys_io_h=yes
ac_cv_header_sys_stat_h=yes
ac_cv_header_sys_types_h=yes
ac_cv_header_syslog_h=yes
ac_cv_header_unistd_h=yes
ac_cv_host=x86_64-unknown-linux-gnu
ac_cv_host_alias=x86_64-unknown-linux-gnu
ac_cv_lib_fl_yywrap=yes
ac_cv_objext=o
ac_cv_path_install='/usr/bin/install -c'
ac_cv_prog_AR=ar
ac_cv_prog_AS=as
ac_cv_prog_AWK=gawk
ac_cv_prog_CPP='gcc -E'
ac_cv_prog_DLLTOOL=dlltool
ac_cv_prog_LD=ld
ac_cv_prog_LEX=flex
ac_cv_prog_RANLIB=ranlib
ac_cv_prog_WINDRES=i686-pc-cygwin-windres
ac_cv_prog_YACC='bison -y'
ac_cv_prog_ac_ct_CC=gcc
ac_cv_prog_cc_g=yes
ac_cv_prog_cc_stdc=
ac_cv_prog_egrep='grep -E'
ac_cv_prog_lex_root=lex.yy
ac_cv_prog_lex_yytext_pointer=yes
ac_cv_prog_make_make_set=yes
ac_cv_search_strerror='none required'
ac_cv_target=x86_64-unknown-linux-gnu
ac_cv_target_alias=x86_64-unknown-linux-gnu
ac_cv_type_signal=void
ac_cv_working_alloca_h=yes
am_cv_CC_dependencies_compiler_type=gcc3
am_cv_prog_cc_stdc=

## ----------------- ##
## Output variables. ##
## ----------------- ##

ACLOCAL='${SHELL} /home/zoobab/ejtag/ejtag-0.2/missing --run aclocal-1.9'
ALLOCA=''
AMDEPBACKSLASH='\'
AMDEP_FALSE='#'
AMDEP_TRUE=''
AMTAR='${SHELL} /home/zoobab/ejtag/ejtag-0.2/missing --run tar'
AR='ar'
AS='as'
AUTOCONF='${SHELL} /home/zoobab/ejtag/ejtag-0.2/missing --run autoconf'
AUTOHEADER='${SHELL} /home/zoobab/ejtag/ejtag-0.2/missing --run autoheader'
AUTOMAKE='${SHELL} /home/zoobab/ejtag/ejtag-0.2/missing --run automake-1.9'
AWK='gawk'
CC='gcc'
CCDEPMODE='depmode=gcc3'
CFLAGS='-g -O2 -Wall -O2'
CPP='gcc -E'
CPPFLAGS=''
CROSSCOMP_FALSE=''
CROSSCOMP_TRUE='#'
CYGPATH_W='echo'
DEFS='-DHAVE_CONFIG_H'
DEPDIR='.deps'
DIRECTX_FALSE=''
DIRECTX_TRUE='#'
DLLTOOL='dlltool'
ECHO_C=''
ECHO_N='-n'
ECHO_T=''
EGREP='grep -E'
EXEEXT=''
HAVE_BITTYPES=''
HAVE_DIRECTX=''
HAVE_IFRNEWNAME=''
HAVE_IOFUNCS=''
HAVE_LIBZ=''
HAVE_MKISS=''
HAVE_PPKDRV=''
HAVE_PPUSER=''
INSTALL_DATA='${INSTALL} -m 644'
INSTALL_PROGRAM='${INSTALL}'
INSTALL_SCRIPT='${INSTALL}'
INSTALL_STRIP_PROGRAM='${SHELL} $(install_sh) -c -s'
LD='ld'
LDFLAGS=''
LEX='flex'
LEXLIB='-lfl'
LEX_OUTPUT_ROOT='lex.yy'
LIBCURSES=''
LIBMKISS=''
LIBOBJS=''
LIBS=''
LIBZ=''
LTLIBOBJS=''
MAKEINFO='${SHELL} /home/zoobab/ejtag/ejtag-0.2/missing --run makeinfo'
M_PI=''
OBJEXT='o'
PACKAGE='ejtag'
PACKAGE_BUGREPORT=''
PACKAGE_NAME=''
PACKAGE_STRING=''
PACKAGE_TARNAME=''
PACKAGE_VERSION=''
PATH_SEPARATOR=':'
PPKDRV_FALSE='#'
PPKDRV_TRUE=''
PPUSER_FALSE='#'
PPUSER_TRUE=''
RANLIB='ranlib'
SET_MAKE=''
SHELL='/bin/sh'
STRIP=''
TARGETAR=''
TARGETAS=''
TARGETCC=''
TARGETLD=''
TARGETRANLIB=':'
USEMMX=''
USEMMX_FALSE='#'
USEMMX_TRUE=''
USEVIS=''
USEVIS_FALSE=''
USEVIS_TRUE='#'
VERSION='0.2'
WIN32=''
WIN32_FALSE=''
WIN32_TRUE='#'
WINDRES='i686-pc-cygwin-windres'
YACC='bison -y'
ac_ct_CC='gcc'
ac_ct_STRIP=''
am__fastdepCC_FALSE='#'
am__fastdepCC_TRUE=''
am__include='include'
am__leading_dot='.'
am__quote=''
am__tar='${AMTAR} chof - "$$tardir"'
am__untar='${AMTAR} xf -'
bindir='${exec_prefix}/bin'
build='x86_64-unknown-linux-gnu'
build_alias=''
build_cpu='x86_64'
build_os='linux-gnu'
build_vendor='unknown'
datadir='${prefix}/share'
exec_prefix='${prefix}'
host='x86_64-unknown-linux-gnu'
host_alias=''
host_cpu='x86_64'
host_os='linux-gnu'
host_vendor='unknown'
includedir='${prefix}/include'
infodir='${prefix}/info'
install_sh='/home/zoobab/ejtag/ejtag-0.2/install-sh'
libdir='${exec_prefix}/lib'
libexecdir='${exec_prefix}/libexec'
localstatedir='${prefix}/var'
mandir='${prefix}/man'
mkdir_p='mkdir -p --'
oldincludedir='/usr/include'
prefix='/usr/local'
program_transform_name='s,x,x,'
sbindir='${exec_prefix}/sbin'
sharedstatedir='${prefix}/com'
sysconfdir='${prefix}/etc'
target='x86_64-unknown-linux-gnu'
target_alias=''
target_cpu='x86_64'
target_os='linux-gnu'
target_vendor='unknown'

## ----------- ##
## confdefs.h. ##
## ----------- ##

#define EXEC_EXT ""
#define HAVE_ALLOCA 1
#define HAVE_ALLOCA_H 1
#define HAVE_CLOSELOG 1
#define HAVE_GETOPT_H 1
#define HAVE_GETOPT_LONG 1
#define HAVE_GETTIMEOFDAY 1
#define HAVE_INTTYPES_H 1
#define HAVE_IOFUNCS 1
#define HAVE_IOPL 1
#define HAVE_MEMMEM 1
#define HAVE_MEMORY_H 1
#define HAVE_OPENLOG 1
#define HAVE_PPKDRV 1
#define HAVE_PPUSER 1
#define HAVE_RANDOM 1
#define HAVE_SIGNED_BITTYPES 1
#define HAVE_SNPRINTF 1
#define HAVE_STDINT_H 1
#define HAVE_STDLIB_H 1
#define HAVE_STRINGS_H 1
#define HAVE_STRING_H 1
#define HAVE_SYSLOG 1
#define HAVE_SYSLOG_H 1
#define HAVE_SYS_IO_H 1
#define HAVE_SYS_STAT_H 1
#define HAVE_SYS_TYPES_H 1
#define HAVE_UNISTD_H 1
#define HAVE_UNSIGNED_BITTYPES 1
#define HAVE_VSNPRINTF 1
#define HAVE_VSNPRINTF 1
#define HAVE_VSYSLOG 1
#define PACKAGE "ejtag"
#define PACKAGE_BUGREPORT ""
#define PACKAGE_DATA_DIR "/usr/local/share/ejtag"
#define PACKAGE_LIBEXEC_DIR "/usr/local/libexec/ejtag"
#define PACKAGE_LOCALE_DIR "/usr/local//locale"
#define PACKAGE_NAME ""
#define PACKAGE_SOURCE_DIR "/home/zoobab/ejtag/ejtag-0.2"
#define PACKAGE_STRING ""
#define PACKAGE_TARNAME ""
#define PACKAGE_VERSION ""
#define RETSIGTYPE void
#define STDC_HEADERS 1
#define USEMMX 1
#define VERSION "0.2"
#define YYTEXT_POINTER 1

configure: exit 0
